GET /logout 302 - Mon, 18 Apr 2022 08:21:09 GMT
GET / 304 - Mon, 18 Apr 2022 08:21:09 GMT
GET /favicon.ico 400 - Mon, 18 Apr 2022 08:21:10 GMT
GET /login 200 - Mon, 18 Apr 2022 08:21:11 GMT
GET /favicon.ico 400 - Mon, 18 Apr 2022 08:21:12 GMT
POST /login 302 - Mon, 18 Apr 2022 08:21:18 GMT
GET /dashboard 304 - Mon, 18 Apr 2022 08:21:18 GMT
GET /favicon.ico 400 - Mon, 18 Apr 2022 08:21:18 GMT
GET /barang - - Mon, 18 Apr 2022 08:21:21 GMT
GET /barang - - Mon, 18 Apr 2022 08:21:23 GMT
GET /barang - - Mon, 18 Apr 2022 08:21:28 GMT
GET /barang - - Mon, 18 Apr 2022 08:21:30 GMT
GET /users 304 - Mon, 18 Apr 2022 08:21:30 GMT
GET /favicon.ico 400 - Mon, 18 Apr 2022 08:21:31 GMT
GET /barang - - Mon, 18 Apr 2022 08:22:01 GMT
GET /barang - - Mon, 18 Apr 2022 08:22:50 GMT
GET /register 302 - Mon, 18 Apr 2022 08:22:50 GMT
GET /dashboard 304 - Mon, 18 Apr 2022 08:22:50 GMT
GET /favicon.ico 400 - Mon, 18 Apr 2022 08:22:50 GMT
GET /register 302 - Mon, 18 Apr 2022 08:22:52 GMT
GET /dashboard 304 - Mon, 18 Apr 2022 08:22:52 GMT
GET /favicon.ico 400 - Mon, 18 Apr 2022 08:22:52 GMT
GET /register 302 - Mon, 18 Apr 2022 08:22:53 GMT
GET /dashboard 304 - Mon, 18 Apr 2022 08:22:53 GMT
GET /favicon.ico 400 - Mon, 18 Apr 2022 08:22:53 GMT
GET /register 302 - Mon, 18 Apr 2022 08:22:54 GMT
GET /dashboard 304 - Mon, 18 Apr 2022 08:22:54 GMT
GET /favicon.ico 400 - Mon, 18 Apr 2022 08:22:54 GMT
GET /dashboard 302 - Mon, 18 Apr 2022 08:23:23 GMT
GET /login 200 - Mon, 18 Apr 2022 08:23:23 GMT
GET /favicon.ico 400 - Mon, 18 Apr 2022 08:23:23 GMT
POST /login 302 - Mon, 18 Apr 2022 08:23:30 GMT
GET /dashboard 200 - Mon, 18 Apr 2022 08:23:30 GMT
GET /favicon.ico 400 - Mon, 18 Apr 2022 08:23:30 GMT
GET /register 302 - Mon, 18 Apr 2022 08:23:33 GMT
GET /dashboard 304 - Mon, 18 Apr 2022 08:23:33 GMT
GET /favicon.ico 400 - Mon, 18 Apr 2022 08:23:33 GMT
GET /register 302 - Mon, 18 Apr 2022 08:24:10 GMT
GET /login 200 - Mon, 18 Apr 2022 08:24:10 GMT
GET /favicon.ico 400 - Mon, 18 Apr 2022 08:24:10 GMT
POST /login 302 - Mon, 18 Apr 2022 08:24:16 GMT
GET /dashboard 304 - Mon, 18 Apr 2022 08:24:16 GMT
GET /favicon.ico 400 - Mon, 18 Apr 2022 08:24:16 GMT
GET /register 200 - Mon, 18 Apr 2022 08:24:18 GMT
GET /favicon.ico 400 - Mon, 18 Apr 2022 08:24:18 GMT
GET /dashboard 304 - Mon, 18 Apr 2022 08:24:20 GMT
GET /favicon.ico 400 - Mon, 18 Apr 2022 08:24:20 GMT
GET /logout 302 - Mon, 18 Apr 2022 08:24:21 GMT
GET / 304 - Mon, 18 Apr 2022 08:24:21 GMT
GET /favicon.ico 400 - Mon, 18 Apr 2022 08:24:22 GMT
GET /register 302 - Mon, 18 Apr 2022 08:24:25 GMT
GET /login 200 - Mon, 18 Apr 2022 08:24:25 GMT
GET /favicon.ico 400 - Mon, 18 Apr 2022 08:24:25 GMT
GET /register 302 - Mon, 18 Apr 2022 08:24:29 GMT
GET /login 304 - Mon, 18 Apr 2022 08:24:29 GMT
GET /favicon.ico 400 - Mon, 18 Apr 2022 08:24:29 GMT
POST /login 302 - Mon, 18 Apr 2022 08:24:37 GMT
GET /dashboard 200 - Mon, 18 Apr 2022 08:24:37 GMT
GET /favicon.ico 400 - Mon, 18 Apr 2022 08:24:37 GMT
GET /register 200 - Mon, 18 Apr 2022 08:24:41 GMT
GET /favicon.ico 400 - Mon, 18 Apr 2022 08:24:41 GMT
GET /dashboard 304 - Mon, 18 Apr 2022 08:24:46 GMT
GET /favicon.ico 400 - Mon, 18 Apr 2022 08:24:46 GMT
GET /about/ 200 - Mon, 18 Apr 2022 08:25:32 GMT
GET /about/public/script.js 400 - Mon, 18 Apr 2022 08:25:32 GMT
GET /favicon.ico 400 - Mon, 18 Apr 2022 08:25:32 GMT
GET /barang 302 - Mon, 18 Apr 2022 08:25:36 GMT
GET /dashboard 304 - Mon, 18 Apr 2022 08:25:36 GMT
GET /favicon.ico 400 - Mon, 18 Apr 2022 08:25:36 GMT
GET /logout 302 - Mon, 18 Apr 2022 08:25:45 GMT
GET / 304 - Mon, 18 Apr 2022 08:25:45 GMT
GET /favicon.ico 400 - Mon, 18 Apr 2022 08:25:45 GMT
GET /login 200 - Mon, 18 Apr 2022 08:25:47 GMT
GET /favicon.ico 400 - Mon, 18 Apr 2022 08:25:48 GMT
POST /login 302 - Mon, 18 Apr 2022 08:25:55 GMT
GET /dashboard 200 - Mon, 18 Apr 2022 08:25:55 GMT
GET /favicon.ico 400 - Mon, 18 Apr 2022 08:25:56 GMT
GET /barang 302 - Mon, 18 Apr 2022 08:27:16 GMT
GET /login 200 - Mon, 18 Apr 2022 08:27:16 GMT
GET /favicon.ico 400 - Mon, 18 Apr 2022 08:27:16 GMT
POST /login 302 - Mon, 18 Apr 2022 08:27:41 GMT
GET /dashboard 304 - Mon, 18 Apr 2022 08:27:41 GMT
GET /favicon.ico 400 - Mon, 18 Apr 2022 08:27:41 GMT
GET /barang 200 - Mon, 18 Apr 2022 08:27:43 GMT
GET /favicon.ico 400 - Mon, 18 Apr 2022 08:27:43 GMT
GET /addBarang 200 - Mon, 18 Apr 2022 08:27:48 GMT
GET /favicon.ico 400 - Mon, 18 Apr 2022 08:27:48 GMT
GET /favicon.ico 400 - Mon, 18 Apr 2022 08:32:23 GMT
GET /favicon.ico 400 - Mon, 18 Apr 2022 08:32:55 GMT
GET /favicon.ico 400 - Mon, 18 Apr 2022 08:33:19 GMT
GET /favicon.ico 400 - Mon, 18 Apr 2022 08:37:18 GMT
GET /addBarang 302 - Mon, 18 Apr 2022 08:37:21 GMT
GET /login 200 - Mon, 18 Apr 2022 08:37:21 GMT
GET /favicon.ico 400 - Mon, 18 Apr 2022 08:37:21 GMT
POST /login 302 - Mon, 18 Apr 2022 08:37:29 GMT
GET /dashboard 304 - Mon, 18 Apr 2022 08:37:29 GMT
GET /favicon.ico 400 - Mon, 18 Apr 2022 08:37:29 GMT
GET /barang 304 - Mon, 18 Apr 2022 08:37:34 GMT
GET /favicon.ico 400 - Mon, 18 Apr 2022 08:37:34 GMT
GET /addBarang 200 - Mon, 18 Apr 2022 08:37:36 GMT
GET /favicon.ico 400 - Mon, 18 Apr 2022 08:37:36 GMT
GET /favicon.ico 400 - Mon, 18 Apr 2022 08:37:40 GMT
GET /favicon.ico 400 - Mon, 18 Apr 2022 08:41:58 GMT
GET /addBarang 302 - Mon, 18 Apr 2022 08:42:00 GMT
GET /login 200 - Mon, 18 Apr 2022 08:42:00 GMT
GET /favicon.ico 400 - Mon, 18 Apr 2022 08:42:00 GMT
POST /login 302 - Mon, 18 Apr 2022 08:42:06 GMT
GET /dashboard 304 - Mon, 18 Apr 2022 08:42:06 GMT
GET /favicon.ico 400 - Mon, 18 Apr 2022 08:42:07 GMT
GET /barang 304 - Mon, 18 Apr 2022 08:42:08 GMT
GET /favicon.ico 400 - Mon, 18 Apr 2022 08:42:08 GMT
GET /addBarang 200 - Mon, 18 Apr 2022 08:42:10 GMT
GET /favicon.ico 400 - Mon, 18 Apr 2022 08:42:10 GMT
GET / 304 - Mon, 18 Apr 2022 08:58:52 GMT
GET /favicon.ico 400 - Mon, 18 Apr 2022 08:58:54 GMT
GET /login 200 - Mon, 18 Apr 2022 08:58:57 GMT
GET /favicon.ico 400 - Mon, 18 Apr 2022 08:59:01 GMT
POST /login 302 - Mon, 18 Apr 2022 08:59:07 GMT
GET /dashboard 304 - Mon, 18 Apr 2022 08:59:07 GMT
GET /favicon.ico 400 - Mon, 18 Apr 2022 08:59:25 GMT
GET /barang 304 - Mon, 18 Apr 2022 08:59:32 GMT
GET / 304 - Mon, 18 Apr 2022 09:10:42 GMT
GET /favicon.ico 400 - Mon, 18 Apr 2022 09:10:45 GMT
GET / 304 - Mon, 18 Apr 2022 09:13:45 GMT
GET /favicon.ico 400 - Mon, 18 Apr 2022 09:13:46 GMT
GET /login 200 - Mon, 18 Apr 2022 09:13:47 GMT
GET /favicon.ico 400 - Mon, 18 Apr 2022 09:13:48 GMT
POST /login 302 - Mon, 18 Apr 2022 09:13:55 GMT
GET /dashboard 304 - Mon, 18 Apr 2022 09:13:55 GMT
GET /favicon.ico 400 - Mon, 18 Apr 2022 09:13:56 GMT
GET /barang 304 - Mon, 18 Apr 2022 09:13:57 GMT
GET /favicon.ico 400 - Mon, 18 Apr 2022 09:13:57 GMT
GET /addBarang 200 - Mon, 18 Apr 2022 09:13:58 GMT
GET /favicon.ico 400 - Mon, 18 Apr 2022 09:13:59 GMT
POST /barang 500 - Mon, 18 Apr 2022 09:14:14 GMT
GET /favicon.ico 400 - Mon, 18 Apr 2022 09:14:32 GMT
POST /barang 500 - Mon, 18 Apr 2022 09:14:40 GMT
GET /favicon.ico 400 - Mon, 18 Apr 2022 09:15:45 GMT
GET /addBarang 302 - Mon, 18 Apr 2022 09:15:46 GMT
GET /login 200 - Mon, 18 Apr 2022 09:15:46 GMT
GET /favicon.ico 400 - Mon, 18 Apr 2022 09:15:46 GMT
POST /login 302 - Mon, 18 Apr 2022 09:15:51 GMT
GET /dashboard 304 - Mon, 18 Apr 2022 09:15:51 GMT
GET /favicon.ico 400 - Mon, 18 Apr 2022 09:15:52 GMT
GET /barang 304 - Mon, 18 Apr 2022 09:15:53 GMT
GET /favicon.ico 400 - Mon, 18 Apr 2022 09:15:53 GMT
GET /addBarang 200 - Mon, 18 Apr 2022 09:15:55 GMT
GET /favicon.ico 400 - Mon, 18 Apr 2022 09:15:55 GMT
POST /barang 302 - Mon, 18 Apr 2022 09:16:33 GMT
GET /barang 200 - Mon, 18 Apr 2022 09:16:33 GMT
GET /favicon.ico 400 - Mon, 18 Apr 2022 09:16:33 GMT
GET /barang 304 - Mon, 18 Apr 2022 09:18:03 GMT
GET /favicon.ico 400 - Mon, 18 Apr 2022 09:18:03 GMT
GET /detailBarang/20 200 - Mon, 18 Apr 2022 09:18:05 GMT
GET /detailBarang/public/script.js 400 - Mon, 18 Apr 2022 09:18:05 GMT
GET /favicon.ico 400 - Mon, 18 Apr 2022 09:18:05 GMT
GET /detailBarang/20 200 - Mon, 18 Apr 2022 09:18:27 GMT
GET /detailBarang/public/script.js 400 - Mon, 18 Apr 2022 09:18:27 GMT
GET /favicon.ico 400 - Mon, 18 Apr 2022 09:18:27 GMT
GET / 304 - Mon, 18 Apr 2022 13:38:16 GMT
GET /favicon.ico 400 - Mon, 18 Apr 2022 13:38:17 GMT
GET /login 200 - Mon, 18 Apr 2022 13:38:18 GMT
GET /favicon.ico 400 - Mon, 18 Apr 2022 13:38:18 GMT
POST /login 302 - Mon, 18 Apr 2022 13:38:24 GMT
GET /dashboard 304 - Mon, 18 Apr 2022 13:38:24 GMT
GET /favicon.ico 400 - Mon, 18 Apr 2022 13:38:25 GMT
GET /barang 304 - Mon, 18 Apr 2022 13:38:27 GMT
GET /favicon.ico 400 - Mon, 18 Apr 2022 13:38:27 GMT
GET /detailBarang/20 200 - Mon, 18 Apr 2022 13:38:29 GMT
GET /detailBarang/public/script.js 400 - Mon, 18 Apr 2022 13:38:29 GMT
GET /detailBarang/public/gambarBarang/1650273393120-jbl.jpg 400 - Mon, 18 Apr 2022 13:38:29 GMT
GET /favicon.ico 400 - Mon, 18 Apr 2022 13:38:29 GMT
GET /detailBarang/20 200 - Mon, 18 Apr 2022 13:38:51 GMT
GET /detailBarang/public/script.js 400 - Mon, 18 Apr 2022 13:38:51 GMT
GET /favicon.ico 400 - Mon, 18 Apr 2022 13:38:51 GMT
GET /detailBarang/20 200 - Mon, 18 Apr 2022 13:39:13 GMT
GET /detailBarang/public/script.js 400 - Mon, 18 Apr 2022 13:39:13 GMT
GET /favicon.ico 400 - Mon, 18 Apr 2022 13:39:13 GMT
GET /detailBarang/20 200 - Mon, 18 Apr 2022 13:39:23 GMT
GET /detailBarang/public/script.js 400 - Mon, 18 Apr 2022 13:39:23 GMT
GET /favicon.ico 400 - Mon, 18 Apr 2022 13:39:23 GMT
GET /detailBarang/20 200 - Mon, 18 Apr 2022 13:40:33 GMT
GET /detailBarang/public/script.js 400 - Mon, 18 Apr 2022 13:40:33 GMT
GET /favicon.ico 400 - Mon, 18 Apr 2022 13:40:33 GMT
GET /detailBarang/20 304 - Mon, 18 Apr 2022 13:40:38 GMT
GET /detailBarang/public/script.js 400 - Mon, 18 Apr 2022 13:40:38 GMT
GET /favicon.ico 400 - Mon, 18 Apr 2022 13:40:38 GMT
GET /detailBarang/20 304 - Mon, 18 Apr 2022 13:40:40 GMT
GET /detailBarang/public/script.js 400 - Mon, 18 Apr 2022 13:40:40 GMT
GET /favicon.ico 400 - Mon, 18 Apr 2022 13:40:40 GMT
GET /detailBarang/20 304 - Mon, 18 Apr 2022 13:40:40 GMT
GET /detailBarang/public/script.js 400 - Mon, 18 Apr 2022 13:40:40 GMT
GET /favicon.ico 400 - Mon, 18 Apr 2022 13:40:41 GMT
GET /barang 304 - Mon, 18 Apr 2022 13:48:52 GMT
GET /favicon.ico 400 - Mon, 18 Apr 2022 13:48:52 GMT
GET /detailBarang/18 200 - Mon, 18 Apr 2022 13:48:54 GMT
GET /detailBarang/public/script.js 400 - Mon, 18 Apr 2022 13:48:54 GMT
GET / 304 - Mon, 18 Apr 2022 13:48:54 GMT
GET /favicon.ico 400 - Mon, 18 Apr 2022 13:48:54 GMT
GET /barang 304 - Mon, 18 Apr 2022 13:48:57 GMT
GET /favicon.ico 400 - Mon, 18 Apr 2022 13:48:57 GMT
GET /barang/update/19 200 - Mon, 18 Apr 2022 13:50:12 GMT
GET /barang/update/public/script.js 400 - Mon, 18 Apr 2022 13:50:12 GMT
GET /favicon.ico 400 - Mon, 18 Apr 2022 13:50:12 GMT
GET /barang/update/19 302 - Mon, 18 Apr 2022 13:52:16 GMT
GET /login 200 - Mon, 18 Apr 2022 13:52:16 GMT
GET /favicon.ico 400 - Mon, 18 Apr 2022 13:52:16 GMT
POST /login 302 - Mon, 18 Apr 2022 13:52:21 GMT
GET /dashboard 304 - Mon, 18 Apr 2022 13:52:21 GMT
GET /favicon.ico 400 - Mon, 18 Apr 2022 13:52:21 GMT
GET /barang 304 - Mon, 18 Apr 2022 13:57:25 GMT
GET /favicon.ico 400 - Mon, 18 Apr 2022 13:57:26 GMT
GET /barang/update/19 200 - Mon, 18 Apr 2022 13:57:28 GMT
GET /barang/update/public/script.js 400 - Mon, 18 Apr 2022 13:57:28 GMT
GET /favicon.ico 400 - Mon, 18 Apr 2022 13:57:28 GMT
GET /favicon.ico 400 - Mon, 18 Apr 2022 14:01:50 GMT
GET / 304 - Mon, 18 Apr 2022 14:01:54 GMT
GET /favicon.ico 400 - Mon, 18 Apr 2022 14:01:54 GMT
GET /login 200 - Mon, 18 Apr 2022 14:01:56 GMT
GET /favicon.ico 400 - Mon, 18 Apr 2022 14:01:56 GMT
POST /login 302 - Mon, 18 Apr 2022 14:02:01 GMT
GET /dashboard 304 - Mon, 18 Apr 2022 14:02:01 GMT
GET /favicon.ico 400 - Mon, 18 Apr 2022 14:02:01 GMT
GET /barang 304 - Mon, 18 Apr 2022 14:02:03 GMT
GET /favicon.ico 400 - Mon, 18 Apr 2022 14:02:03 GMT
GET /addBarang 304 - Mon, 18 Apr 2022 14:04:12 GMT
GET /favicon.ico 400 - Mon, 18 Apr 2022 14:04:12 GMT
POST /barang 302 - Mon, 18 Apr 2022 14:04:36 GMT
GET /barang 200 - Mon, 18 Apr 2022 14:04:36 GMT
GET /favicon.ico 400 - Mon, 18 Apr 2022 14:04:37 GMT
GET /barang/delete/1 302 - Mon, 18 Apr 2022 14:04:44 GMT
GET /barang 200 - Mon, 18 Apr 2022 14:04:44 GMT
GET /favicon.ico 400 - Mon, 18 Apr 2022 14:04:44 GMT
GET /addBarang 304 - Mon, 18 Apr 2022 14:04:47 GMT
GET /favicon.ico 400 - Mon, 18 Apr 2022 14:04:48 GMT
POST /barang 302 - Mon, 18 Apr 2022 14:05:09 GMT
GET /barang 200 - Mon, 18 Apr 2022 14:05:09 GMT
GET /favicon.ico 400 - Mon, 18 Apr 2022 14:05:09 GMT
GET /barang/delete/12 302 - Mon, 18 Apr 2022 14:05:15 GMT
GET /barang 200 - Mon, 18 Apr 2022 14:05:15 GMT
GET /favicon.ico 400 - Mon, 18 Apr 2022 14:05:15 GMT
GET /addBarang 304 - Mon, 18 Apr 2022 14:05:30 GMT
GET /favicon.ico 400 - Mon, 18 Apr 2022 14:05:30 GMT
POST /barang 302 - Mon, 18 Apr 2022 14:07:01 GMT
GET /barang 200 - Mon, 18 Apr 2022 14:07:01 GMT
GET /favicon.ico 400 - Mon, 18 Apr 2022 14:07:01 GMT
GET /barang/delete/13 302 - Mon, 18 Apr 2022 14:07:04 GMT
GET /barang 200 - Mon, 18 Apr 2022 14:07:04 GMT
GET /favicon.ico 400 - Mon, 18 Apr 2022 14:07:04 GMT
GET /addBarang 304 - Mon, 18 Apr 2022 14:07:05 GMT
GET /favicon.ico 400 - Mon, 18 Apr 2022 14:07:05 GMT
POST /barang 302 - Mon, 18 Apr 2022 14:07:56 GMT
GET /barang 200 - Mon, 18 Apr 2022 14:07:56 GMT
GET /favicon.ico 400 - Mon, 18 Apr 2022 14:07:56 GMT
GET /barang/delete/14 302 - Mon, 18 Apr 2022 14:08:01 GMT
GET /barang 200 - Mon, 18 Apr 2022 14:08:01 GMT
GET /favicon.ico 400 - Mon, 18 Apr 2022 14:08:01 GMT
GET /addBarang 304 - Mon, 18 Apr 2022 14:08:03 GMT
GET /favicon.ico 400 - Mon, 18 Apr 2022 14:08:03 GMT
POST /barang 302 - Mon, 18 Apr 2022 14:08:53 GMT
GET /barang 200 - Mon, 18 Apr 2022 14:08:53 GMT
GET /favicon.ico 400 - Mon, 18 Apr 2022 14:08:53 GMT
GET /barang/delete/15 302 - Mon, 18 Apr 2022 14:09:02 GMT
GET /barang 200 - Mon, 18 Apr 2022 14:09:02 GMT
GET /favicon.ico 400 - Mon, 18 Apr 2022 14:09:02 GMT
GET /addBarang 304 - Mon, 18 Apr 2022 14:09:05 GMT
GET /favicon.ico 400 - Mon, 18 Apr 2022 14:09:05 GMT
POST /barang 302 - Mon, 18 Apr 2022 14:09:27 GMT
GET /barang 200 - Mon, 18 Apr 2022 14:09:27 GMT
GET /favicon.ico 400 - Mon, 18 Apr 2022 14:09:27 GMT
GET /barang/delete/16 302 - Mon, 18 Apr 2022 14:09:29 GMT
GET /barang 200 - Mon, 18 Apr 2022 14:09:29 GMT
GET /favicon.ico 400 - Mon, 18 Apr 2022 14:09:30 GMT
GET /addBarang 304 - Mon, 18 Apr 2022 14:09:39 GMT
GET /favicon.ico 400 - Mon, 18 Apr 2022 14:09:39 GMT
POST /barang 302 - Mon, 18 Apr 2022 14:10:11 GMT
GET /barang 200 - Mon, 18 Apr 2022 14:10:11 GMT
GET /favicon.ico 400 - Mon, 18 Apr 2022 14:10:12 GMT
GET /barang/delete/17 302 - Mon, 18 Apr 2022 14:10:15 GMT
GET /barang 200 - Mon, 18 Apr 2022 14:10:15 GMT
GET /favicon.ico 400 - Mon, 18 Apr 2022 14:10:15 GMT
GET /addBarang 304 - Mon, 18 Apr 2022 14:10:19 GMT
GET /favicon.ico 400 - Mon, 18 Apr 2022 14:10:20 GMT
GET /favicon.ico 400 - Mon, 18 Apr 2022 14:10:22 GMT
GET /addBarang 304 - Mon, 18 Apr 2022 14:10:31 GMT
GET /favicon.ico 400 - Mon, 18 Apr 2022 14:10:31 GMT
POST /barang 302 - Mon, 18 Apr 2022 14:10:55 GMT
GET /barang 200 - Mon, 18 Apr 2022 14:10:55 GMT
GET /favicon.ico 400 - Mon, 18 Apr 2022 14:10:55 GMT
GET /barang/delete/18 302 - Mon, 18 Apr 2022 14:10:58 GMT
GET /barang 200 - Mon, 18 Apr 2022 14:10:58 GMT
GET /favicon.ico 400 - Mon, 18 Apr 2022 14:10:58 GMT
GET /addBarang 304 - Mon, 18 Apr 2022 14:11:07 GMT
GET /favicon.ico 400 - Mon, 18 Apr 2022 14:11:07 GMT
POST /barang 302 - Mon, 18 Apr 2022 14:11:28 GMT
GET /barang 200 - Mon, 18 Apr 2022 14:11:28 GMT
GET /favicon.ico 400 - Mon, 18 Apr 2022 14:11:28 GMT
GET /barang/delete/10 302 - Mon, 18 Apr 2022 14:11:31 GMT
GET /barang 200 - Mon, 18 Apr 2022 14:11:31 GMT
GET /favicon.ico 400 - Mon, 18 Apr 2022 14:11:31 GMT
GET /detailBarang/19 200 - Mon, 18 Apr 2022 14:11:32 GMT
GET / 304 - Mon, 18 Apr 2022 14:11:32 GMT
GET /detailBarang/public/script.js 400 - Mon, 18 Apr 2022 14:11:32 GMT
GET /favicon.ico 400 - Mon, 18 Apr 2022 14:11:32 GMT
GET /favicon.ico 400 - Mon, 18 Apr 2022 14:11:34 GMT
GET /addBarang 304 - Mon, 18 Apr 2022 14:11:35 GMT
GET /favicon.ico 400 - Mon, 18 Apr 2022 14:11:35 GMT
POST /barang 302 - Mon, 18 Apr 2022 14:11:54 GMT
GET /barang 200 - Mon, 18 Apr 2022 14:11:54 GMT
GET /favicon.ico 400 - Mon, 18 Apr 2022 14:11:54 GMT
GET /barang/delete/19 302 - Mon, 18 Apr 2022 14:11:57 GMT
GET /barang 200 - Mon, 18 Apr 2022 14:11:57 GMT
GET /favicon.ico 400 - Mon, 18 Apr 2022 14:11:58 GMT
GET /detailBarang/20 304 - Mon, 18 Apr 2022 14:12:00 GMT
GET /detailBarang/public/script.js 400 - Mon, 18 Apr 2022 14:12:00 GMT
GET /favicon.ico 400 - Mon, 18 Apr 2022 14:12:00 GMT
GET /favicon.ico 400 - Mon, 18 Apr 2022 14:12:01 GMT
GET /detailBarang/21 200 - Mon, 18 Apr 2022 14:12:02 GMT
GET /detailBarang/public/script.js 400 - Mon, 18 Apr 2022 14:12:02 GMT
GET /favicon.ico 400 - Mon, 18 Apr 2022 14:12:02 GMT
GET /favicon.ico 400 - Mon, 18 Apr 2022 14:12:07 GMT
GET /barang 304 - Mon, 18 Apr 2022 14:12:31 GMT
GET /favicon.ico 400 - Mon, 18 Apr 2022 14:12:31 GMT
GET /barang 304 - Mon, 18 Apr 2022 14:12:32 GMT
GET /favicon.ico 400 - Mon, 18 Apr 2022 14:12:32 GMT
GET /detailBarang/21 304 - Mon, 18 Apr 2022 14:12:34 GMT
GET /detailBarang/public/script.js 400 - Mon, 18 Apr 2022 14:12:34 GMT
GET /favicon.ico 400 - Mon, 18 Apr 2022 14:12:34 GMT
GET /detailBarang/21 200 - Mon, 18 Apr 2022 14:13:20 GMT
GET /detailBarang/public/script.js 400 - Mon, 18 Apr 2022 14:13:20 GMT
GET /favicon.ico 400 - Mon, 18 Apr 2022 14:13:20 GMT
GET /detailBarang/21 304 - Mon, 18 Apr 2022 14:13:26 GMT
GET /detailBarang/public/script.js 400 - Mon, 18 Apr 2022 14:13:26 GMT
GET /favicon.ico 400 - Mon, 18 Apr 2022 14:13:26 GMT
GET /detailBarang/21 304 - Mon, 18 Apr 2022 14:14:03 GMT
GET /detailBarang/public/script.js 400 - Mon, 18 Apr 2022 14:14:03 GMT
GET /favicon.ico 400 - Mon, 18 Apr 2022 14:14:03 GMT
GET /detailBarang/21 304 - Mon, 18 Apr 2022 14:14:03 GMT
GET /detailBarang/public/script.js 400 - Mon, 18 Apr 2022 14:14:03 GMT
GET /favicon.ico 400 - Mon, 18 Apr 2022 14:14:03 GMT
GET /detailBarang/21 304 - Mon, 18 Apr 2022 14:14:11 GMT
GET /detailBarang/public/script.js 400 - Mon, 18 Apr 2022 14:14:11 GMT
GET /favicon.ico 400 - Mon, 18 Apr 2022 14:14:12 GMT
GET /detailBarang/21 304 - Mon, 18 Apr 2022 14:14:12 GMT
GET /detailBarang/public/script.js 400 - Mon, 18 Apr 2022 14:14:12 GMT
GET /favicon.ico 400 - Mon, 18 Apr 2022 14:14:12 GMT
GET /favicon.ico 400 - Mon, 18 Apr 2022 14:14:39 GMT
GET /barang 304 - Mon, 18 Apr 2022 14:14:46 GMT
GET /favicon.ico 400 - Mon, 18 Apr 2022 14:14:46 GMT
GET /detailBarang/20 200 - Mon, 18 Apr 2022 14:14:47 GMT
GET /detailBarang/public/script.js 400 - Mon, 18 Apr 2022 14:14:47 GMT
GET /favicon.ico 400 - Mon, 18 Apr 2022 14:14:47 GMT
GET /favicon.ico 400 - Mon, 18 Apr 2022 14:14:54 GMT
GET /detailBarang/22 200 - Mon, 18 Apr 2022 14:14:56 GMT
GET /detailBarang/public/script.js 400 - Mon, 18 Apr 2022 14:14:56 GMT
GET /favicon.ico 400 - Mon, 18 Apr 2022 14:14:56 GMT
GET /favicon.ico 400 - Mon, 18 Apr 2022 14:14:58 GMT
GET /detailBarang/21 200 - Mon, 18 Apr 2022 14:14:59 GMT
GET /detailBarang/public/script.js 400 - Mon, 18 Apr 2022 14:14:59 GMT
GET /favicon.ico 400 - Mon, 18 Apr 2022 14:14:59 GMT
GET /favicon.ico 400 - Mon, 18 Apr 2022 14:15:01 GMT
GET /barang 304 - Mon, 18 Apr 2022 14:15:10 GMT
GET /favicon.ico 400 - Mon, 18 Apr 2022 14:15:10 GMT
GET /detailBarang/20 304 - Mon, 18 Apr 2022 14:15:11 GMT
GET /detailBarang/public/script.js 400 - Mon, 18 Apr 2022 14:15:11 GMT
GET /favicon.ico 400 - Mon, 18 Apr 2022 14:15:11 GMT
GET /favicon.ico 400 - Mon, 18 Apr 2022 14:15:13 GMT
GET /detailBarang/21 304 - Mon, 18 Apr 2022 14:15:14 GMT
GET /detailBarang/public/script.js 400 - Mon, 18 Apr 2022 14:15:14 GMT
GET /favicon.ico 400 - Mon, 18 Apr 2022 14:15:14 GMT
GET /favicon.ico 400 - Mon, 18 Apr 2022 14:15:15 GMT
GET /detailBarang/22 304 - Mon, 18 Apr 2022 14:15:16 GMT
GET /detailBarang/public/script.js 400 - Mon, 18 Apr 2022 14:15:16 GMT
GET /favicon.ico 400 - Mon, 18 Apr 2022 14:15:16 GMT
GET /favicon.ico 400 - Mon, 18 Apr 2022 14:15:18 GMT
GET /detailBarang/23 200 - Mon, 18 Apr 2022 14:15:19 GMT
GET /detailBarang/public/script.js 400 - Mon, 18 Apr 2022 14:15:19 GMT
GET /favicon.ico 400 - Mon, 18 Apr 2022 14:15:19 GMT
GET /favicon.ico 400 - Mon, 18 Apr 2022 14:15:21 GMT
GET /detailBarang/24 200 - Mon, 18 Apr 2022 14:15:21 GMT
GET /detailBarang/public/script.js 400 - Mon, 18 Apr 2022 14:15:21 GMT
GET /favicon.ico 400 - Mon, 18 Apr 2022 14:15:21 GMT
GET /favicon.ico 400 - Mon, 18 Apr 2022 14:15:24 GMT
GET /detailBarang/25 200 - Mon, 18 Apr 2022 14:15:26 GMT
GET /detailBarang/public/script.js 400 - Mon, 18 Apr 2022 14:15:26 GMT
GET /favicon.ico 400 - Mon, 18 Apr 2022 14:15:26 GMT
GET /favicon.ico 400 - Mon, 18 Apr 2022 14:15:29 GMT
GET /detailBarang/26 200 - Mon, 18 Apr 2022 14:15:30 GMT
GET /detailBarang/public/script.js 400 - Mon, 18 Apr 2022 14:15:31 GMT
GET /favicon.ico 400 - Mon, 18 Apr 2022 14:15:31 GMT
GET /favicon.ico 400 - Mon, 18 Apr 2022 14:15:33 GMT
GET /detailBarang/27 200 - Mon, 18 Apr 2022 14:15:34 GMT
GET /detailBarang/public/script.js 400 - Mon, 18 Apr 2022 14:15:35 GMT
GET /favicon.ico 400 - Mon, 18 Apr 2022 14:15:35 GMT
GET /favicon.ico 400 - Mon, 18 Apr 2022 14:15:36 GMT
GET /dashboard 304 - Mon, 18 Apr 2022 14:15:44 GMT
GET /favicon.ico 400 - Mon, 18 Apr 2022 14:15:44 GMT
GET /barang 304 - Mon, 18 Apr 2022 14:16:01 GMT
GET /favicon.ico 400 - Mon, 18 Apr 2022 14:16:01 GMT
GET /barang 200 - Mon, 18 Apr 2022 14:22:38 GMT
GET /favicon.ico 400 - Mon, 18 Apr 2022 14:22:38 GMT
GET /logout 302 - Mon, 18 Apr 2022 14:22:39 GMT
GET / 304 - Mon, 18 Apr 2022 14:22:39 GMT
GET /favicon.ico 400 - Mon, 18 Apr 2022 14:22:39 GMT
GET /login 200 - Mon, 18 Apr 2022 14:22:40 GMT
GET /favicon.ico 400 - Mon, 18 Apr 2022 14:22:40 GMT
POST /login 302 - Mon, 18 Apr 2022 14:22:46 GMT
GET /dashboard 200 - Mon, 18 Apr 2022 14:22:46 GMT
GET /favicon.ico 400 - Mon, 18 Apr 2022 14:22:47 GMT
GET /barang 302 - Mon, 18 Apr 2022 14:22:48 GMT
GET /dashboard 304 - Mon, 18 Apr 2022 14:22:48 GMT
GET /favicon.ico 400 - Mon, 18 Apr 2022 14:22:48 GMT
GET /dashboard 302 - Mon, 18 Apr 2022 14:23:54 GMT
GET /login 200 - Mon, 18 Apr 2022 14:23:54 GMT
GET /favicon.ico 400 - Mon, 18 Apr 2022 14:23:54 GMT
POST /login 302 - Mon, 18 Apr 2022 14:24:00 GMT
GET /dashboard 200 - Mon, 18 Apr 2022 14:24:00 GMT
GET /favicon.ico 400 - Mon, 18 Apr 2022 14:24:00 GMT
GET /barang 500 - Mon, 18 Apr 2022 14:24:01 GMT
GET /barang 302 - Mon, 18 Apr 2022 14:24:21 GMT
GET /login 200 - Mon, 18 Apr 2022 14:24:21 GMT
GET /favicon.ico 400 - Mon, 18 Apr 2022 14:24:21 GMT
POST /login 302 - Mon, 18 Apr 2022 14:24:27 GMT
GET /dashboard 304 - Mon, 18 Apr 2022 14:24:27 GMT
GET /favicon.ico 400 - Mon, 18 Apr 2022 14:24:27 GMT
GET /barang 200 - Mon, 18 Apr 2022 14:24:48 GMT
GET /favicon.ico 400 - Mon, 18 Apr 2022 14:24:48 GMT
GET /barang/update/8 302 - Mon, 18 Apr 2022 14:24:54 GMT
GET /dashboard 304 - Mon, 18 Apr 2022 14:24:54 GMT
GET /favicon.ico 400 - Mon, 18 Apr 2022 14:24:55 GMT
GET /barang 304 - Mon, 18 Apr 2022 14:24:56 GMT
GET /favicon.ico 400 - Mon, 18 Apr 2022 14:24:56 GMT
GET /detailBarang/20 302 - Mon, 18 Apr 2022 14:25:02 GMT
GET /dashboard 304 - Mon, 18 Apr 2022 14:25:02 GMT
GET /favicon.ico 400 - Mon, 18 Apr 2022 14:25:03 GMT
GET /barang 304 - Mon, 18 Apr 2022 14:25:04 GMT
GET /favicon.ico 400 - Mon, 18 Apr 2022 14:25:04 GMT
GET /barang 302 - Mon, 18 Apr 2022 14:25:32 GMT
GET /login 200 - Mon, 18 Apr 2022 14:25:32 GMT
GET /favicon.ico 400 - Mon, 18 Apr 2022 14:25:32 GMT
POST /login 302 - Mon, 18 Apr 2022 14:25:38 GMT
GET /dashboard 304 - Mon, 18 Apr 2022 14:25:38 GMT
GET /favicon.ico 400 - Mon, 18 Apr 2022 14:25:38 GMT
GET /barang 200 - Mon, 18 Apr 2022 14:25:39 GMT
GET /favicon.ico 400 - Mon, 18 Apr 2022 14:25:39 GMT
GET /detailBarang/20 200 - Mon, 18 Apr 2022 14:25:41 GMT
GET /detailBarang/public/script.js 400 - Mon, 18 Apr 2022 14:25:41 GMT
GET /favicon.ico 400 - Mon, 18 Apr 2022 14:25:41 GMT
GET /barang 304 - Mon, 18 Apr 2022 14:25:43 GMT
GET /favicon.ico 400 - Mon, 18 Apr 2022 14:25:43 GMT
GET /dashboard 304 - Mon, 18 Apr 2022 14:25:48 GMT
GET /favicon.ico 400 - Mon, 18 Apr 2022 14:25:48 GMT
GET /barang 304 - Mon, 18 Apr 2022 14:25:56 GMT
GET /favicon.ico 400 - Mon, 18 Apr 2022 14:25:56 GMT
GET /dashboard 304 - Mon, 18 Apr 2022 14:26:08 GMT
GET /favicon.ico 400 - Mon, 18 Apr 2022 14:26:08 GMT
GET /about/ 200 - Mon, 18 Apr 2022 14:30:07 GMT
GET /about/public/script.js 400 - Mon, 18 Apr 2022 14:30:07 GMT
GET /favicon.ico 400 - Mon, 18 Apr 2022 14:30:08 GMT
GET /dashboard 304 - Mon, 18 Apr 2022 14:30:10 GMT
GET /favicon.ico 400 - Mon, 18 Apr 2022 14:30:11 GMT
